c:\users\cktang\desktop\rayskels17\debug\vc140.pdb
c:\users\cktang\desktop\rayskels17\debug\vc140.idb
c:\users\cktang\desktop\rayskels17\debug\trimesh.obj
c:\users\cktang\desktop\rayskels17\debug\square.obj
c:\users\cktang\desktop\rayskels17\debug\sphere.obj
c:\users\cktang\desktop\rayskels17\debug\cylinder.obj
c:\users\cktang\desktop\rayskels17\debug\cone.obj
c:\users\cktang\desktop\rayskels17\debug\box.obj
c:\users\cktang\desktop\rayskels17\debug\scene.obj
c:\users\cktang\desktop\rayskels17\debug\ray.obj
c:\users\cktang\desktop\rayskels17\debug\material.obj
c:\users\cktang\desktop\rayskels17\debug\light.obj
c:\users\cktang\desktop\rayskels17\debug\camera.obj
c:\users\cktang\desktop\rayskels17\debug\vecmath.obj
c:\users\cktang\desktop\rayskels17\debug\read.obj
c:\users\cktang\desktop\rayskels17\debug\parse.obj
c:\users\cktang\desktop\rayskels17\debug\bitmap.obj
c:\users\cktang\desktop\rayskels17\debug\traceui.obj
c:\users\cktang\desktop\rayskels17\debug\traceglwindow.obj
c:\users\cktang\desktop\rayskels17\debug\raytracer.obj
c:\users\cktang\desktop\rayskels17\debug\main.obj
c:\users\cktang\desktop\rayskels17\debug\getopt.obj
c:\users\cktang\desktop\rayskels17\debug\ray.ilk
c:\users\cktang\desktop\rayskels17\debug\ray.exe
c:\users\cktang\desktop\rayskels17\debug\ray.pdb
c:\users\cktang\desktop\rayskels17\.\debug\ray.exe
c:\users\cktang\desktop\rayskels17\debug\ray.tlog\cl.command.1.tlog
c:\users\cktang\desktop\rayskels17\debug\ray.tlog\cl.read.1.tlog
c:\users\cktang\desktop\rayskels17\debug\ray.tlog\cl.write.1.tlog
c:\users\cktang\desktop\rayskels17\debug\ray.tlog\link.command.1.tlog
c:\users\cktang\desktop\rayskels17\debug\ray.tlog\link.read.1.tlog
c:\users\cktang\desktop\rayskels17\debug\ray.tlog\link.write.1.tlog
