c:\users\coeus\desktop\comp4411\trace\trace\release\vc140.pdb
c:\users\coeus\desktop\comp4411\trace\trace\release\trimesh.obj
c:\users\coeus\desktop\comp4411\trace\trace\release\square.obj
c:\users\coeus\desktop\comp4411\trace\trace\release\sphere.obj
c:\users\coeus\desktop\comp4411\trace\trace\release\cylinder.obj
c:\users\coeus\desktop\comp4411\trace\trace\release\cone.obj
c:\users\coeus\desktop\comp4411\trace\trace\release\box.obj
c:\users\coeus\desktop\comp4411\trace\trace\release\scene.obj
c:\users\coeus\desktop\comp4411\trace\trace\release\ray.obj
c:\users\coeus\desktop\comp4411\trace\trace\release\material.obj
c:\users\coeus\desktop\comp4411\trace\trace\release\light.obj
c:\users\coeus\desktop\comp4411\trace\trace\release\camera.obj
c:\users\coeus\desktop\comp4411\trace\trace\release\vecmath.obj
c:\users\coeus\desktop\comp4411\trace\trace\release\read.obj
c:\users\coeus\desktop\comp4411\trace\trace\release\parse.obj
c:\users\coeus\desktop\comp4411\trace\trace\release\bitmap.obj
c:\users\coeus\desktop\comp4411\trace\trace\release\traceui.obj
c:\users\coeus\desktop\comp4411\trace\trace\release\traceglwindow.obj
c:\users\coeus\desktop\comp4411\trace\trace\release\raytracer.obj
c:\users\coeus\desktop\comp4411\trace\trace\release\main.obj
c:\users\coeus\desktop\comp4411\trace\trace\release\getopt.obj
c:\users\coeus\desktop\comp4411\trace\trace\release\ray.exe
c:\users\coeus\desktop\comp4411\trace\trace\release\ray.map
c:\users\coeus\desktop\comp4411\trace\trace\release\ray.pdb
c:\users\coeus\desktop\comp4411\trace\trace\.\release\ray.exe
c:\users\coeus\desktop\comp4411\trace\trace\release\ray.tlog\cl.command.1.tlog
c:\users\coeus\desktop\comp4411\trace\trace\release\ray.tlog\cl.read.1.tlog
c:\users\coeus\desktop\comp4411\trace\trace\release\ray.tlog\cl.write.1.tlog
c:\users\coeus\desktop\comp4411\trace\trace\release\ray.tlog\link.command.1.tlog
c:\users\coeus\desktop\comp4411\trace\trace\release\ray.tlog\link.read.1.tlog
c:\users\coeus\desktop\comp4411\trace\trace\release\ray.tlog\link.write.1.tlog
